Added Component: Designator=C1(Capacitor POL 2.2mm(100mil))
Add component. Clean all parameters for all variants
Added Component: Designator=C2(Capacitor 100n (cor verniz))
Add component. Clean all parameters for all variants
Added Component: Designator=C3(Capacitor NPOL 5mm(200mils))
Add component. Clean all parameters for all variants
Added Component: Designator=C4(Capacitor NPOL 5mm(200mils))
Add component. Clean all parameters for all variants
Added Component: Designator=C5(Capacitor NPOL 5mm(200mils))
Add component. Clean all parameters for all variants
Added Component: Designator=C6(Capacitor 1000u 25V)
Add component. Clean all parameters for all variants
Added Component: Designator=C7(Capacitor 220uf 63V)
Add component. Clean all parameters for all variants
Added Component: Designator=C?(Capacitor NPOL 5mm(200mils))
Add component. Clean all parameters for all variants
Added Component: Designator=D1(Diode 8.89mm(350mils))
Add component. Clean all parameters for all variants
Added Component: Designator=D2(Diode 8.89mm(350mils))
Add component. Clean all parameters for all variants
Added Component: Designator=D3(Diode 8.89mm(350mils))
Add component. Clean all parameters for all variants
Added Component: Designator=D4(Diode 8.89mm(350mils))
Add component. Clean all parameters for all variants
Added Component: Designator=PH1(PINHEAD3)
Add component. Clean all parameters for all variants
Added Component: Designator=PH2(PINHEAD3)
Add component. Clean all parameters for all variants
Added Component: Designator=Q1(IRF540)
Add component. Clean all parameters for all variants
Added Component: Designator=Q2(IRF540)
Add component. Clean all parameters for all variants
Added Component: Designator=Q3(BC327)
Add component. Clean all parameters for all variants
Added Component: Designator=Q4(BC337)
Add component. Clean all parameters for all variants
Added Component: Designator=R1(Resistor Axial 0.4)
Add component. Clean all parameters for all variants
Added Component: Designator=R2(Resistor Axial 0.4)
Add component. Clean all parameters for all variants
Added Component: Designator=R3(Resistor Axial 0.9(3W))
Add component. Clean all parameters for all variants
Added Component: Designator=R4(Resistor Axial 0.4)
Add component. Clean all parameters for all variants
Added Component: Designator=R5(Resistor Axial 0.4)
Add component. Clean all parameters for all variants
Added Component: Designator=R6(Resistor Axial 0.4)
Add component. Clean all parameters for all variants
Added Component: Designator=R7(Resistor Axial 0.4)
Add component. Clean all parameters for all variants
Added Component: Designator=TB1(TBlock)
Add component. Clean all parameters for all variants
Added Component: Designator=TB2(TBlock)
Add component. Clean all parameters for all variants
Added Component: Designator=Trim1(TRIMPOT)
Add component. Clean all parameters for all variants
Added Component: Designator=Trim2(TRIMPOT)
Add component. Clean all parameters for all variants
Added Component: Designator=Trim3(TRIMPOT)
Add component. Clean all parameters for all variants
Added Component: Designator=U1(LM317/337)
Add component. Clean all parameters for all variants
Added Component: Designator=U2(LM317/337)
Add component. Clean all parameters for all variants
Added Component: Designator=U3(DIP8)
Add component. Clean all parameters for all variants
Added Pin To Net: NetName=9V Pin=C?-2
Added Pin To Net: NetName=9V Pin=PH2-3
Added Pin To Net: NetName=9V Pin=U2-3
Added Net: Name=9V
Added Pin To Net: NetName=15V Pin=C2-2
Added Pin To Net: NetName=15V Pin=C7-2
Added Pin To Net: NetName=15V Pin=D1-A
Added Pin To Net: NetName=15V Pin=Q3-E
Added Pin To Net: NetName=15V Pin=R4-1
Added Pin To Net: NetName=15V Pin=U1-3
Added Pin To Net: NetName=15V Pin=U2-1
Added Pin To Net: NetName=15V Pin=U3-1
Added Net: Name=15V
Added Pin To Net: NetName=GND Pin=C2-1
Added Pin To Net: NetName=GND Pin=C3-1
Added Pin To Net: NetName=GND Pin=C4-1
Added Pin To Net: NetName=GND Pin=C5-1
Added Pin To Net: NetName=GND Pin=C6-1
Added Pin To Net: NetName=GND Pin=C7-1
Added Pin To Net: NetName=GND Pin=C?-1
Added Pin To Net: NetName=GND Pin=D2-A
Added Pin To Net: NetName=GND Pin=D3-A
Added Pin To Net: NetName=GND Pin=D4-A
Added Pin To Net: NetName=GND Pin=PH2-1
Added Pin To Net: NetName=GND Pin=Q2-3
Added Pin To Net: NetName=GND Pin=Q4-1
Added Pin To Net: NetName=GND Pin=R7-1
Added Pin To Net: NetName=GND Pin=TB1-1
Added Pin To Net: NetName=GND Pin=TB2-2
Added Pin To Net: NetName=GND Pin=Trim1-3
Added Pin To Net: NetName=GND Pin=Trim2-3
Added Pin To Net: NetName=GND Pin=Trim3-3
Added Pin To Net: NetName=GND Pin=U1-2
Added Pin To Net: NetName=GND Pin=U2-2
Added Pin To Net: NetName=GND Pin=U3-3
Added Net: Name=GND
Added Pin To Net: NetName=IRIN Pin=Q3-C
Added Pin To Net: NetName=IRIN Pin=R7-2
Added Pin To Net: NetName=IRIN Pin=U3-2
Added Net: Name=IRIN
Added Pin To Net: NetName=Mid_PointSense Pin=C5-2
Added Pin To Net: NetName=Mid_PointSense Pin=D4-K
Added Pin To Net: NetName=Mid_PointSense Pin=PH1-1
Added Pin To Net: NetName=Mid_PointSense Pin=Trim3-2
Added Net: Name=Mid_PointSense
Added Pin To Net: NetName=Mid_Point Pin=C1-1
Added Pin To Net: NetName=Mid_Point Pin=Q1-3
Added Pin To Net: NetName=Mid_Point Pin=Q2-2
Added Pin To Net: NetName=Mid_Point Pin=TB2-1
Added Pin To Net: NetName=Mid_Point Pin=Trim3-1
Added Pin To Net: NetName=Mid_Point Pin=U3-6
Added Net: Name=Mid_Point
Added Pin To Net: NetName=NetC1_2 Pin=C1-2
Added Pin To Net: NetName=NetC1_2 Pin=D1-K
Added Pin To Net: NetName=NetC1_2 Pin=U3-8
Added Net: Name=NetC1_2
Added Pin To Net: NetName=NetC6_2 Pin=C6-2
Added Pin To Net: NetName=NetC6_2 Pin=R3-1
Added Pin To Net: NetName=NetC6_2 Pin=TB1-2
Added Pin To Net: NetName=NetC6_2 Pin=Trim1-1
Added Pin To Net: NetName=NetC6_2 Pin=U1-1
Added Net: Name=NetC6_2
Added Pin To Net: NetName=NetQ1_1 Pin=Q1-1
Added Pin To Net: NetName=NetQ1_1 Pin=R1-2
Added Net: Name=NetQ1_1
Added Pin To Net: NetName=NetQ2_1 Pin=Q2-1
Added Pin To Net: NetName=NetQ2_1 Pin=R2-2
Added Net: Name=NetQ2_1
Added Pin To Net: NetName=NetQ3_B Pin=Q3-B
Added Pin To Net: NetName=NetQ3_B Pin=R4-2
Added Pin To Net: NetName=NetQ3_B Pin=R5-2
Added Net: Name=NetQ3_B
Added Pin To Net: NetName=NetQ4_2 Pin=Q4-2
Added Pin To Net: NetName=NetQ4_2 Pin=R6-2
Added Net: Name=NetQ4_2
Added Pin To Net: NetName=NetQ4_3 Pin=Q4-3
Added Pin To Net: NetName=NetQ4_3 Pin=R5-1
Added Net: Name=NetQ4_3
Added Pin To Net: NetName=NetR1_1 Pin=R1-1
Added Pin To Net: NetName=NetR1_1 Pin=U3-7
Added Net: Name=NetR1_1
Added Pin To Net: NetName=NetR2_1 Pin=R2-1
Added Pin To Net: NetName=NetR2_1 Pin=U3-4
Added Net: Name=NetR2_1
Added Pin To Net: NetName=PWM_IN Pin=PH2-2
Added Net: Name=PWM_IN
Added Pin To Net: NetName=VccSense Pin=C4-2
Added Pin To Net: NetName=VccSense Pin=D3-K
Added Pin To Net: NetName=VccSense Pin=PH1-2
Added Pin To Net: NetName=VccSense Pin=Trim2-2
Added Net: Name=VccSense
Added Pin To Net: NetName=VCC Pin=Q1-2
Added Pin To Net: NetName=VCC Pin=R3-2
Added Pin To Net: NetName=VCC Pin=Trim2-1
Added Net: Name=VCC
Added Pin To Net: NetName=VinSense Pin=C3-2
Added Pin To Net: NetName=VinSense Pin=D2-K
Added Pin To Net: NetName=VinSense Pin=PH1-3
Added Pin To Net: NetName=VinSense Pin=Trim1-2
Added Net: Name=VinSense
Added Class: Name=Sheet1
Added Room: Name=Sheet1
